TN:
SF:C:\Users\sufya\Documents\Repository\ImgRecApp\Java\AwsImgRekJava\ImgRecApp\src\webapp\src\polyfills.ts
FNF:0
FNH:0
LF:0
LH:0
BRF:0
BRH:0
end_of_record
TN:
SF:C:\Users\sufya\Documents\Repository\ImgRecApp\Java\AwsImgRekJava\ImgRecApp\src\webapp\src\test.ts
FNF:0
FNH:0
DA:14,1
DA:19,1
DA:21,1
LF:3
LH:3
BRF:0
BRH:0
end_of_record
TN:
SF:C:\Users\sufya\Documents\Repository\ImgRecApp\Java\AwsImgRekJava\ImgRecApp\src\webapp\src\app\app-routing.module.ts
FN:20,(anonymous_1)
FNF:1
FNH:1
FNDA:8,(anonymous_1)
DA:8,1
DA:20,1
LF:2
LH:2
BRF:0
BRH:0
end_of_record
TN:
SF:C:\Users\sufya\Documents\Repository\ImgRecApp\Java\AwsImgRekJava\ImgRecApp\src\webapp\src\app\app.component.ts
FN:22,(anonymous_2)
FN:30,AppComponent
FN:34,(anonymous_4)
FN:40,(anonymous_5)
FN:44,(anonymous_6)
FN:48,(anonymous_7)
FNF:6
FNH:6
FNDA:1,(anonymous_2)
FNDA:1,AppComponent
FNDA:2,(anonymous_4)
FNDA:1,(anonymous_5)
FNDA:1,(anonymous_6)
FNDA:1,(anonymous_7)
DA:22,1
DA:24,1
DA:26,1
DA:27,1
DA:28,1
DA:30,1
DA:34,1
DA:35,2
DA:40,1
DA:41,1
DA:44,1
DA:45,1
DA:48,1
DA:49,1
DA:51,1
LF:15
LH:15
BRDA:35,0,0,2
BRDA:35,0,1,2
BRDA:35,0,2,2
BRF:3
BRH:3
end_of_record
TN:
SF:C:\Users\sufya\Documents\Repository\ImgRecApp\Java\AwsImgRekJava\ImgRecApp\src\webapp\src\app\animations\animation.ts
FNF:0
FNH:0
DA:3,1
DA:9,1
DA:14,1
DA:19,1
DA:27,1
DA:35,1
DA:40,1
DA:46,1
DA:51,1
DA:61,1
DA:73,1
DA:85,1
LF:12
LH:12
BRF:0
BRH:0
end_of_record
TN:
SF:C:\Users\sufya\Documents\Repository\ImgRecApp\Java\AwsImgRekJava\ImgRecApp\src\webapp\src\app\components\compare\compare.component.ts
FN:28,(anonymous_2)
FN:61,CompareComponent
FN:69,(anonymous_4)
FN:86,(anonymous_5)
FN:104,(anonymous_6)
FN:106,(anonymous_7)
FN:110,(anonymous_8)
FN:115,(anonymous_9)
FN:133,(anonymous_10)
FN:142,(anonymous_11)
FN:151,(anonymous_12)
FN:160,(anonymous_13)
FN:164,(anonymous_14)
FNF:13
FNH:11
FNDA:1,(anonymous_2)
FNDA:1,CompareComponent
FNDA:1,(anonymous_4)
FNDA:2,(anonymous_5)
FNDA:1,(anonymous_6)
FNDA:2,(anonymous_7)
FNDA:0,(anonymous_8)
FNDA:0,(anonymous_9)
FNDA:1,(anonymous_10)
FNDA:1,(anonymous_11)
FNDA:1,(anonymous_12)
FNDA:1,(anonymous_13)
FNDA:1,(anonymous_14)
DA:28,1
DA:37,1
DA:38,1
DA:46,1
DA:47,1
DA:48,1
DA:49,1
DA:50,1
DA:51,1
DA:52,1
DA:53,1
DA:59,1
DA:62,1
DA:63,1
DA:64,1
DA:65,1
DA:66,1
DA:69,1
DA:70,1
DA:71,1
DA:72,1
DA:73,1
DA:86,2
DA:87,2
DA:88,2
DA:89,2
DA:90,2
DA:91,2
DA:93,2
DA:94,2
DA:95,2
DA:99,2
DA:100,2
DA:101,1
DA:102,1
DA:105,1
DA:106,2
DA:107,1
DA:108,1
DA:109,1
DA:111,0
DA:112,0
DA:113,0
DA:114,0
DA:115,0
DA:118,2
DA:119,1
DA:121,1
DA:123,2
DA:124,2
DA:133,1
DA:134,1
DA:142,1
DA:143,1
DA:151,1
DA:152,1
DA:160,1
DA:161,1
DA:164,1
DA:165,1
DA:166,1
DA:169,1
LF:62
LH:57
BRDA:100,0,0,1
BRDA:100,0,1,1
BRDA:118,1,0,1
BRDA:118,1,1,1
BRDA:118,2,0,2
BRDA:118,2,1,1
BRF:6
BRH:6
end_of_record
TN:
SF:C:\Users\sufya\Documents\Repository\ImgRecApp\Java\AwsImgRekJava\ImgRecApp\src\webapp\src\app\components\contact\contact.component.ts
FN:21,(anonymous_2)
FN:45,ContactComponent
FN:51,(anonymous_4)
FN:59,(anonymous_5)
FN:73,(anonymous_6)
FN:88,(anonymous_7)
FN:96,(anonymous_8)
FN:105,(anonymous_9)
FN:115,(anonymous_10)
FN:121,(anonymous_11)
FN:125,(anonymous_12)
FNF:11
FNH:10
FNDA:1,(anonymous_2)
FNDA:2,ContactComponent
FNDA:2,(anonymous_4)
FNDA:2,(anonymous_5)
FNDA:1,(anonymous_6)
FNDA:2,(anonymous_7)
FNDA:0,(anonymous_8)
FNDA:2,(anonymous_9)
FNDA:1,(anonymous_10)
FNDA:3,(anonymous_11)
FNDA:2,(anonymous_12)
DA:21,1
DA:35,2
DA:36,2
DA:41,2
DA:42,2
DA:43,2
DA:46,2
DA:47,2
DA:48,2
DA:51,1
DA:52,2
DA:53,2
DA:59,1
DA:60,2
DA:61,2
DA:62,2
DA:63,2
DA:64,2
DA:65,2
DA:73,1
DA:74,1
DA:81,1
DA:88,2
DA:89,2
DA:90,2
DA:91,2
DA:92,0
DA:93,0
DA:94,0
DA:97,0
DA:98,0
DA:101,2
DA:102,2
DA:105,1
DA:106,2
DA:107,2
DA:108,2
DA:109,2
DA:110,2
DA:111,2
DA:112,2
DA:115,1
DA:116,1
DA:117,1
DA:121,1
DA:122,3
DA:125,1
DA:126,2
DA:127,2
DA:129,1
LF:50
LH:45
BRDA:91,0,0,0
BRDA:91,0,1,2
BRDA:116,1,0,1
BRDA:116,1,1,0
BRF:4
BRH:2
end_of_record
TN:
SF:C:\Users\sufya\Documents\Repository\ImgRecApp\Java\AwsImgRekJava\ImgRecApp\src\webapp\src\app\components\home\home.component.ts
FN:27,(anonymous_2)
FN:39,HomeComponent
FN:45,(anonymous_4)
FN:52,(anonymous_5)
FN:57,(anonymous_6)
FN:65,(anonymous_7)
FN:70,(anonymous_8)
FN:76,(anonymous_9)
FN:80,(anonymous_10)
FNF:9
FNH:8
FNDA:1,(anonymous_2)
FNDA:2,HomeComponent
FNDA:2,(anonymous_4)
FNDA:1,(anonymous_5)
FNDA:1,(anonymous_6)
FNDA:1,(anonymous_7)
FNDA:0,(anonymous_8)
FNDA:2,(anonymous_9)
FNDA:2,(anonymous_10)
DA:27,1
DA:40,2
DA:41,2
DA:42,2
DA:43,2
DA:45,1
DA:46,2
DA:47,2
DA:48,2
DA:49,2
DA:52,1
DA:53,1
DA:54,1
DA:57,1
DA:58,1
DA:59,1
DA:60,1
DA:63,1
DA:66,1
DA:67,1
DA:68,1
DA:69,1
DA:71,0
DA:72,0
DA:76,1
DA:77,2
DA:80,1
DA:81,2
DA:82,2
DA:84,1
LF:30
LH:28
BRF:0
BRH:0
end_of_record
TN:
SF:C:\Users\sufya\Documents\Repository\ImgRecApp\Java\AwsImgRekJava\ImgRecApp\src\webapp\src\app\components\upload\upload.component.ts
FN:28,(anonymous_2)
FN:52,UploadComponent
FN:60,(anonymous_4)
FN:66,(anonymous_5)
FN:73,(anonymous_6)
FN:84,(anonymous_7)
FN:91,(anonymous_8)
FN:96,(anonymous_9)
FN:108,(anonymous_10)
FN:112,(anonymous_11)
FN:116,(anonymous_12)
FN:120,(anonymous_13)
FN:124,(anonymous_14)
FNF:13
FNH:11
FNDA:1,(anonymous_2)
FNDA:1,UploadComponent
FNDA:1,(anonymous_4)
FNDA:1,(anonymous_5)
FNDA:2,(anonymous_6)
FNDA:1,(anonymous_7)
FNDA:0,(anonymous_8)
FNDA:0,(anonymous_9)
FNDA:1,(anonymous_10)
FNDA:1,(anonymous_11)
FNDA:1,(anonymous_12)
FNDA:1,(anonymous_13)
FNDA:1,(anonymous_14)
DA:28,1
DA:31,1
DA:38,1
DA:41,1
DA:42,1
DA:43,1
DA:44,1
DA:45,1
DA:46,1
DA:47,1
DA:48,1
DA:53,1
DA:54,1
DA:55,1
DA:56,1
DA:57,1
DA:60,1
DA:61,1
DA:62,1
DA:63,1
DA:66,1
DA:67,1
DA:68,1
DA:69,1
DA:73,2
DA:74,2
DA:75,2
DA:76,2
DA:78,2
DA:79,2
DA:80,2
DA:81,1
DA:82,1
DA:85,1
DA:86,1
DA:87,1
DA:88,1
DA:89,1
DA:92,0
DA:93,0
DA:94,0
DA:95,0
DA:96,0
DA:99,2
DA:100,1
DA:102,1
DA:104,2
DA:105,2
DA:108,1
DA:109,1
DA:112,1
DA:113,1
DA:116,1
DA:117,1
DA:120,1
DA:121,1
DA:124,1
DA:125,1
DA:126,1
DA:129,1
LF:60
LH:55
BRDA:67,0,0,1
BRDA:67,0,1,0
BRDA:67,1,0,1
BRDA:67,1,1,1
BRDA:80,2,0,1
BRDA:80,2,1,1
BRDA:80,3,0,2
BRDA:80,3,1,1
BRDA:99,4,0,1
BRDA:99,4,1,1
BRF:10
BRH:9
end_of_record
TN:
SF:C:\Users\sufya\Documents\Repository\ImgRecApp\Java\AwsImgRekJava\ImgRecApp\src\webapp\src\app\models\email.ts
FN:1,(anonymous_0)
FNF:1
FNH:1
FNDA:8,(anonymous_0)
DA:1,1
DA:7,1
LF:2
LH:2
BRF:0
BRH:0
end_of_record
TN:
SF:C:\Users\sufya\Documents\Repository\ImgRecApp\Java\AwsImgRekJava\ImgRecApp\src\webapp\src\app\services\animation.service.ts
FN:6,(anonymous_2)
FN:8,AnimationService
FN:10,(anonymous_4)
FN:19,(anonymous_5)
FN:28,(anonymous_6)
FN:37,(anonymous_7)
FN:46,(anonymous_8)
FNF:7
FNH:7
FNDA:1,(anonymous_2)
FNDA:6,AnimationService
FNDA:3,(anonymous_4)
FNDA:4,(anonymous_5)
FNDA:2,(anonymous_6)
FNDA:2,(anonymous_7)
FNDA:2,(anonymous_8)
DA:6,1
DA:10,1
DA:11,3
DA:12,0
DA:14,3
DA:15,3
DA:19,1
DA:20,4
DA:21,1
DA:23,3
DA:24,3
DA:28,1
DA:29,2
DA:30,0
DA:32,2
DA:33,2
DA:37,1
DA:38,2
DA:39,0
DA:41,2
DA:42,2
DA:46,1
DA:47,2
DA:48,0
DA:50,2
DA:51,2
DA:54,1
LF:27
LH:23
BRDA:11,0,0,0
BRDA:11,0,1,3
BRDA:14,1,0,3
BRDA:14,1,1,0
BRDA:20,2,0,1
BRDA:20,2,1,3
BRDA:23,3,0,3
BRDA:23,3,1,0
BRDA:29,4,0,0
BRDA:29,4,1,2
BRDA:32,5,0,2
BRDA:32,5,1,0
BRDA:38,6,0,0
BRDA:38,6,1,2
BRDA:41,7,0,2
BRDA:41,7,1,0
BRDA:47,8,0,0
BRDA:47,8,1,2
BRDA:50,9,0,2
BRDA:50,9,1,0
BRF:20
BRH:11
end_of_record
TN:
SF:C:\Users\sufya\Documents\Repository\ImgRecApp\Java\AwsImgRekJava\ImgRecApp\src\webapp\src\app\services\http-interceptor.service.ts
FN:9,(anonymous_1)
FN:6,HttpInterceptorService
FN:18,(anonymous_3)
FN:27,(anonymous_4)
FNF:4
FNH:3
FNDA:1,(anonymous_1)
FNDA:1,HttpInterceptorService
FNDA:1,(anonymous_3)
FNDA:0,(anonymous_4)
DA:9,1
DA:11,1
DA:12,1
DA:13,1
DA:14,1
DA:15,1
DA:16,1
DA:18,1
DA:19,1
DA:27,1
DA:28,0
DA:29,0
DA:31,0
DA:37,1
LF:14
LH:11
BRDA:28,0,0,0
BRDA:28,0,1,0
BRF:2
BRH:0
end_of_record
TN:
SF:C:\Users\sufya\Documents\Repository\ImgRecApp\Java\AwsImgRekJava\ImgRecApp\src\webapp\src\app\services\subject.service.ts
FN:7,(anonymous_2)
FN:9,SubjectService
FNF:2
FNH:2
FNDA:1,(anonymous_2)
FNDA:7,SubjectService
DA:7,1
DA:11,7
DA:15,1
LF:3
LH:3
BRF:0
BRH:0
end_of_record
TN:
SF:C:\Users\sufya\Documents\Repository\ImgRecApp\Java\AwsImgRekJava\ImgRecApp\src\webapp\src\app\services\user.service.ts
FN:13,(anonymous_2)
FN:20,UserService
FN:22,(anonymous_4)
FN:26,(anonymous_5)
FN:30,(anonymous_6)
FN:34,(anonymous_7)
FNF:6
FNH:6
FNDA:1,(anonymous_2)
FNDA:5,UserService
FNDA:2,(anonymous_4)
FNDA:1,(anonymous_5)
FNDA:1,(anonymous_6)
FNDA:1,(anonymous_7)
DA:13,1
DA:15,5
DA:16,5
DA:17,5
DA:18,5
DA:20,5
DA:22,1
DA:23,2
DA:26,1
DA:27,1
DA:30,1
DA:31,1
DA:34,1
DA:35,1
DA:37,1
LF:15
LH:15
BRF:0
BRH:0
end_of_record
TN:
SF:C:\Users\sufya\Documents\Repository\ImgRecApp\Java\AwsImgRekJava\ImgRecApp\src\webapp\src\app\services\validation.service.ts
FN:8,(anonymous_2)
FN:10,ValidationService
FN:16,(anonymous_4)
FN:34,(anonymous_5)
FN:47,(anonymous_6)
FN:59,(anonymous_7)
FNF:6
FNH:6
FNDA:1,(anonymous_2)
FNDA:7,ValidationService
FNDA:2,(anonymous_4)
FNDA:2,(anonymous_5)
FNDA:2,(anonymous_6)
FNDA:2,(anonymous_7)
DA:8,1
DA:16,1
DA:17,2
DA:18,2
DA:20,2
DA:21,2
DA:23,2
DA:24,0
DA:26,2
DA:34,1
DA:35,2
DA:36,1
DA:38,1
DA:47,1
DA:48,2
DA:49,1
DA:51,1
DA:59,1
DA:60,2
DA:61,2
DA:63,0
DA:66,1
LF:22
LH:20
BRDA:20,0,0,2
BRDA:20,0,1,0
BRDA:20,1,0,2
BRDA:20,1,1,2
BRDA:20,1,2,2
BRDA:20,1,3,2
BRDA:20,1,4,2
BRDA:23,2,0,0
BRDA:23,2,1,2
BRDA:23,3,0,2
BRDA:23,3,1,0
BRDA:23,3,2,0
BRDA:23,3,3,0
BRDA:35,4,0,1
BRDA:35,4,1,1
BRDA:35,5,0,2
BRDA:35,5,1,1
BRDA:48,6,0,1
BRDA:48,6,1,1
BRDA:60,7,0,2
BRDA:60,7,1,0
BRF:21
BRH:15
end_of_record
TN:
SF:C:\Users\sufya\Documents\Repository\ImgRecApp\Java\AwsImgRekJava\ImgRecApp\src\webapp\src\app\specs\testbed-provider.ts
FN:25,(anonymous_0)
FN:27,(anonymous_2)
FN:62,(anonymous_3)
FN:97,(anonymous_4)
FN:99,(anonymous_6)
FN:107,(anonymous_7)
FN:117,(anonymous_8)
FN:125,(anonymous_9)
FNF:8
FNH:3
FNDA:3,(anonymous_0)
FNDA:0,(anonymous_2)
FNDA:2,(anonymous_3)
FNDA:3,(anonymous_4)
FNDA:0,(anonymous_6)
FNDA:0,(anonymous_7)
FNDA:0,(anonymous_8)
FNDA:0,(anonymous_9)
DA:25,1
DA:27,1
DA:28,0
DA:57,0
DA:58,0
DA:59,0
DA:62,1
DA:63,2
DA:92,2
DA:93,2
DA:95,1
DA:97,1
DA:99,1
DA:100,0
DA:107,1
DA:108,0
DA:117,1
DA:118,0
DA:125,1
DA:126,0
DA:133,1
LF:21
LH:13
BRF:0
BRH:0
end_of_record
TN:
SF:C:\Users\sufya\Documents\Repository\ImgRecApp\Java\AwsImgRekJava\ImgRecApp\src\webapp\src\environments\environment.ts
FNF:0
FNH:0
DA:5,1
LF:1
LH:1
BRF:0
BRH:0
end_of_record
